2017-11-25 10:15:33.9158|INFO|Microsoft.EntityFrameworkCore.Database.Command|Executed DbCommand (89ms) [Parameters=[], CommandType='Text', CommandTimeout='30']
SELECT [a].[Id], [a].[DateOfBirth], [a].[FirstName], [a].[Genre], [a].[LastName]
FROM [Authors] AS [a]
2017-11-25 10:15:38.4806|INFO|Microsoft.EntityFrameworkCore.Database.Command|Executed DbCommand (576ms) [Parameters=[@p0='?', @p1='?', @p2='?', @p3='?', @p4='?', @p5='?', @p6='?'], CommandType='Text', CommandTimeout='30']
SET NOCOUNT ON;
DELETE FROM [Authors]
WHERE [Id] = @p0;
SELECT @@ROWCOUNT;

DELETE FROM [Authors]
WHERE [Id] = @p1;
SELECT @@ROWCOUNT;

DELETE FROM [Authors]
WHERE [Id] = @p2;
SELECT @@ROWCOUNT;

DELETE FROM [Authors]
WHERE [Id] = @p3;
SELECT @@ROWCOUNT;

DELETE FROM [Authors]
WHERE [Id] = @p4;
SELECT @@ROWCOUNT;

DELETE FROM [Authors]
WHERE [Id] = @p5;
SELECT @@ROWCOUNT;

DELETE FROM [Authors]
WHERE [Id] = @p6;
SELECT @@ROWCOUNT;
2017-11-25 10:15:40.0003|INFO|Microsoft.EntityFrameworkCore.Database.Command|Executed DbCommand (252ms) [Parameters=[@p0='?', @p1='?', @p2='?' (Size = 50), @p3='?' (Size = 50), @p4='?' (Size = 50), @p5='?', @p6='?', @p7='?' (Size = 50), @p8='?' (Size = 50), @p9='?' (Size = 50), @p10='?', @p11='?', @p12='?' (Size = 50), @p13='?' (Size = 50), @p14='?' (Size = 50), @p15='?', @p16='?', @p17='?' (Size = 50), @p18='?' (Size = 50), @p19='?' (Size = 50), @p20='?', @p21='?', @p22='?' (Size = 50), @p23='?' (Size = 50), @p24='?' (Size = 50), @p25='?', @p26='?', @p27='?' (Size = 50), @p28='?' (Size = 50), @p29='?' (Size = 50), @p30='?', @p31='?', @p32='?' (Size = 50), @p33='?' (Size = 50), @p34='?' (Size = 50)], CommandType='Text', CommandTimeout='30']
SET NOCOUNT ON;
INSERT INTO [Authors] ([Id], [DateOfBirth], [FirstName], [Genre], [LastName])
VALUES (@p0, @p1, @p2, @p3, @p4),
(@p5, @p6, @p7, @p8, @p9),
(@p10, @p11, @p12, @p13, @p14),
(@p15, @p16, @p17, @p18, @p19),
(@p20, @p21, @p22, @p23, @p24),
(@p25, @p26, @p27, @p28, @p29),
(@p30, @p31, @p32, @p33, @p34);
2017-11-25 10:15:40.2128|INFO|Microsoft.EntityFrameworkCore.Database.Command|Executed DbCommand (181ms) [Parameters=[@p35='?', @p36='?', @p37='?' (Size = 500), @p38='?' (Size = 100), @p39='?', @p40='?', @p41='?' (Size = 500), @p42='?' (Size = 100), @p43='?', @p44='?', @p45='?' (Size = 500), @p46='?' (Size = 100), @p47='?', @p48='?', @p49='?' (Size = 500), @p50='?' (Size = 100), @p51='?', @p52='?', @p53='?' (Size = 500), @p54='?' (Size = 100), @p55='?', @p56='?', @p57='?' (Size = 500), @p58='?' (Size = 100), @p59='?', @p60='?', @p61='?' (Size = 500), @p62='?' (Size = 100), @p63='?', @p64='?', @p65='?' (Size = 500), @p66='?' (Size = 100), @p67='?', @p68='?', @p69='?' (Size = 500), @p70='?' (Size = 100), @p71='?', @p72='?', @p73='?' (Size = 500), @p74='?' (Size = 100), @p75='?', @p76='?', @p77='?' (Size = 500), @p78='?' (Size = 100), @p79='?', @p80='?', @p81='?' (Size = 500), @p82='?' (Size = 100)], CommandType='Text', CommandTimeout='30']
SET NOCOUNT ON;
INSERT INTO [Books] ([Id], [AuthorId], [Description], [Title])
VALUES (@p35, @p36, @p37, @p38),
(@p39, @p40, @p41, @p42),
(@p43, @p44, @p45, @p46),
(@p47, @p48, @p49, @p50),
(@p51, @p52, @p53, @p54),
(@p55, @p56, @p57, @p58),
(@p59, @p60, @p61, @p62),
(@p63, @p64, @p65, @p66),
(@p67, @p68, @p69, @p70),
(@p71, @p72, @p73, @p74),
(@p75, @p76, @p77, @p78),
(@p79, @p80, @p81, @p82);
2017-11-25 10:15:44.5198|INFO|Microsoft.AspNetCore.Hosting.Internal.WebHost|Request starting HTTP/1.1 GET http://localhost:61745/  
2017-11-25 10:15:45.4999|INFO|Microsoft.AspNetCore.Hosting.Internal.WebHost|Request finished in 1082.2497ms 404 
2017-11-25 10:15:45.8999|INFO|Microsoft.AspNetCore.Hosting.Internal.WebHost|Request starting HTTP/1.1 GET http://localhost:61745/favicon.ico  
2017-11-25 10:15:45.9562|INFO|Microsoft.AspNetCore.Hosting.Internal.WebHost|Request finished in 192.7415ms 404 
2017-11-25 10:16:12.1351|INFO|Microsoft.AspNetCore.Hosting.Internal.WebHost|Request starting HTTP/1.1 GET http://localhost:61745/api/authors?genre=Fantasy  
2017-11-25 10:16:12.8686|INFO|Microsoft.EntityFrameworkCore.Infrastructure|Entity Framework Core 2.0.0-rtm-26452 initialized 'LibraryContext' using provider 'Microsoft.EntityFrameworkCore.SqlServer' with options: None
2017-11-25 10:16:12.9169|INFO|Microsoft.EntityFrameworkCore.Database.Command|Executed DbCommand (2ms) [Parameters=[], CommandType='Text', CommandTimeout='30']
SELECT OBJECT_ID(N'__EFMigrationsHistory');
2017-11-25 10:16:12.9580|INFO|Microsoft.EntityFrameworkCore.Database.Command|Executed DbCommand (2ms) [Parameters=[], CommandType='Text', CommandTimeout='30']
SELECT OBJECT_ID(N'__EFMigrationsHistory');
2017-11-25 10:16:12.9916|INFO|Microsoft.EntityFrameworkCore.Database.Command|Executed DbCommand (3ms) [Parameters=[], CommandType='Text', CommandTimeout='30']
SELECT [MigrationId], [ProductVersion]
FROM [__EFMigrationsHistory]
ORDER BY [MigrationId];
2017-11-25 10:16:13.0464|INFO|Microsoft.EntityFrameworkCore.Migrations|No migrations were applied. The database is already up to date.
2017-11-25 10:16:13.3483|INFO|Microsoft.AspNetCore.Mvc.Internal.ControllerActionInvoker|Executing action method LibraryRESTfulApi.Controllers.AuthorsController.GetAuthors (LibraryRESTfulApi) with arguments (LibraryRESTfulApi.Helpers.AuthorsResourceParameters) - ModelState is Valid
2017-11-25 10:16:13.8904|WARN|Microsoft.EntityFrameworkCore.Query|The LINQ expression 'where ([a].Genre.ToLowerInvariant() == __genreForWhereClause_0)' could not be translated and will be evaluated locally.
2017-11-25 10:16:14.0466|WARN|Microsoft.EntityFrameworkCore.Query|The LINQ expression 'Count()' could not be translated and will be evaluated locally.
2017-11-25 10:16:14.1705|INFO|Microsoft.EntityFrameworkCore.Database.Command|Executed DbCommand (1ms) [Parameters=[], CommandType='Text', CommandTimeout='30']
SELECT [a].[Genre]
FROM [Authors] AS [a]
2017-11-25 10:16:14.2495|WARN|Microsoft.EntityFrameworkCore.Query|The LINQ expression 'where ([a].Genre.ToLowerInvariant() == __genreForWhereClause_0)' could not be translated and will be evaluated locally.
2017-11-25 10:16:14.2664|WARN|Microsoft.EntityFrameworkCore.Query|The LINQ expression 'Skip(__p_1)' could not be translated and will be evaluated locally.
2017-11-25 10:16:14.2861|WARN|Microsoft.EntityFrameworkCore.Query|The LINQ expression 'Take(__p_2)' could not be translated and will be evaluated locally.
2017-11-25 10:16:14.4515|INFO|Microsoft.EntityFrameworkCore.Database.Command|Executed DbCommand (105ms) [Parameters=[], CommandType='Text', CommandTimeout='30']
SELECT [a].[Id], [a].[DateOfBirth], [a].[FirstName], [a].[Genre], [a].[LastName]
FROM [Authors] AS [a]
ORDER BY [a].[FirstName], [a].[LastName]
2017-11-25 10:16:15.0353|INFO|Microsoft.AspNetCore.Mvc.Internal.ObjectResultExecutor|Executing ObjectResult, writing value Microsoft.AspNetCore.Mvc.ControllerContext.
2017-11-25 10:16:15.1787|INFO|Microsoft.AspNetCore.Mvc.Internal.ControllerActionInvoker|Executed action LibraryRESTfulApi.Controllers.AuthorsController.GetAuthors (LibraryRESTfulApi) in 2377.1899ms
2017-11-25 10:16:15.2127|INFO|Microsoft.AspNetCore.Hosting.Internal.WebHost|Request finished in 3077.9026ms 200 application/json; charset=utf-8
2017-11-25 10:16:49.7616|INFO|Microsoft.AspNetCore.Hosting.Internal.WebHost|Request starting HTTP/1.1 GET http://localhost:61745/api/authors?genre=Fantasy&pageNumber=2&pageSize=2  
2017-11-25 10:16:49.8380|INFO|Microsoft.EntityFrameworkCore.Infrastructure|Entity Framework Core 2.0.0-rtm-26452 initialized 'LibraryContext' using provider 'Microsoft.EntityFrameworkCore.SqlServer' with options: None
2017-11-25 10:16:49.9065|INFO|Microsoft.EntityFrameworkCore.Database.Command|Executed DbCommand (1ms) [Parameters=[], CommandType='Text', CommandTimeout='30']
SELECT OBJECT_ID(N'__EFMigrationsHistory');
2017-11-25 10:16:49.9431|INFO|Microsoft.EntityFrameworkCore.Database.Command|Executed DbCommand (0ms) [Parameters=[], CommandType='Text', CommandTimeout='30']
SELECT OBJECT_ID(N'__EFMigrationsHistory');
2017-11-25 10:16:49.9966|INFO|Microsoft.EntityFrameworkCore.Database.Command|Executed DbCommand (6ms) [Parameters=[], CommandType='Text', CommandTimeout='30']
SELECT [MigrationId], [ProductVersion]
FROM [__EFMigrationsHistory]
ORDER BY [MigrationId];
2017-11-25 10:16:50.0234|INFO|Microsoft.EntityFrameworkCore.Migrations|No migrations were applied. The database is already up to date.
2017-11-25 10:16:50.0748|INFO|Microsoft.AspNetCore.Mvc.Internal.ControllerActionInvoker|Executing action method LibraryRESTfulApi.Controllers.AuthorsController.GetAuthors (LibraryRESTfulApi) with arguments (LibraryRESTfulApi.Helpers.AuthorsResourceParameters) - ModelState is Valid
2017-11-25 10:16:50.0983|INFO|Microsoft.EntityFrameworkCore.Database.Command|Executed DbCommand (1ms) [Parameters=[], CommandType='Text', CommandTimeout='30']
SELECT [a].[Genre]
FROM [Authors] AS [a]
2017-11-25 10:16:50.3142|INFO|Microsoft.EntityFrameworkCore.Database.Command|Executed DbCommand (1ms) [Parameters=[], CommandType='Text', CommandTimeout='30']
SELECT [a].[Id], [a].[DateOfBirth], [a].[FirstName], [a].[Genre], [a].[LastName]
FROM [Authors] AS [a]
ORDER BY [a].[FirstName], [a].[LastName]
2017-11-25 10:16:50.6115|INFO|Microsoft.AspNetCore.Mvc.Internal.ObjectResultExecutor|Executing ObjectResult, writing value Microsoft.AspNetCore.Mvc.ControllerContext.
2017-11-25 10:16:50.6294|INFO|Microsoft.AspNetCore.Mvc.Internal.ControllerActionInvoker|Executed action LibraryRESTfulApi.Controllers.AuthorsController.GetAuthors (LibraryRESTfulApi) in 840.8973ms
2017-11-25 10:16:50.6736|INFO|Microsoft.AspNetCore.Hosting.Internal.WebHost|Request finished in 895.6677ms 200 application/json; charset=utf-8
2017-11-25 10:17:08.4410|INFO|Microsoft.AspNetCore.Hosting.Internal.WebHost|Request starting HTTP/1.1 GET http://localhost:61745/api/authors?genre=Fantasy&pageNumber=1&pageSize=1  
2017-11-25 10:17:08.5289|INFO|Microsoft.EntityFrameworkCore.Infrastructure|Entity Framework Core 2.0.0-rtm-26452 initialized 'LibraryContext' using provider 'Microsoft.EntityFrameworkCore.SqlServer' with options: None
2017-11-25 10:17:08.6275|INFO|Microsoft.EntityFrameworkCore.Database.Command|Executed DbCommand (6ms) [Parameters=[], CommandType='Text', CommandTimeout='30']
SELECT OBJECT_ID(N'__EFMigrationsHistory');
2017-11-25 10:17:08.6862|INFO|Microsoft.EntityFrameworkCore.Database.Command|Executed DbCommand (2ms) [Parameters=[], CommandType='Text', CommandTimeout='30']
SELECT OBJECT_ID(N'__EFMigrationsHistory');
2017-11-25 10:17:08.7369|INFO|Microsoft.EntityFrameworkCore.Database.Command|Executed DbCommand (2ms) [Parameters=[], CommandType='Text', CommandTimeout='30']
SELECT [MigrationId], [ProductVersion]
FROM [__EFMigrationsHistory]
ORDER BY [MigrationId];
2017-11-25 10:17:08.7890|INFO|Microsoft.EntityFrameworkCore.Migrations|No migrations were applied. The database is already up to date.
2017-11-25 10:17:08.8882|INFO|Microsoft.AspNetCore.Mvc.Internal.ControllerActionInvoker|Executing action method LibraryRESTfulApi.Controllers.AuthorsController.GetAuthors (LibraryRESTfulApi) with arguments (LibraryRESTfulApi.Helpers.AuthorsResourceParameters) - ModelState is Valid
2017-11-25 10:17:08.9337|INFO|Microsoft.EntityFrameworkCore.Database.Command|Executed DbCommand (3ms) [Parameters=[], CommandType='Text', CommandTimeout='30']
SELECT [a].[Genre]
FROM [Authors] AS [a]
2017-11-25 10:17:08.9756|INFO|Microsoft.EntityFrameworkCore.Database.Command|Executed DbCommand (2ms) [Parameters=[], CommandType='Text', CommandTimeout='30']
SELECT [a].[Id], [a].[DateOfBirth], [a].[FirstName], [a].[Genre], [a].[LastName]
FROM [Authors] AS [a]
ORDER BY [a].[FirstName], [a].[LastName]
2017-11-25 10:17:09.0268|INFO|Microsoft.AspNetCore.Mvc.Internal.ObjectResultExecutor|Executing ObjectResult, writing value Microsoft.AspNetCore.Mvc.ControllerContext.
2017-11-25 10:17:09.1331|INFO|Microsoft.AspNetCore.Mvc.Internal.ControllerActionInvoker|Executed action LibraryRESTfulApi.Controllers.AuthorsController.GetAuthors (LibraryRESTfulApi) in 586.3789ms
2017-11-25 10:17:09.3610|INFO|Microsoft.AspNetCore.Hosting.Internal.WebHost|Request finished in 720.9159ms 200 application/json; charset=utf-8
2017-11-25 10:24:46.7377|INFO|Microsoft.EntityFrameworkCore.Database.Command|Executed DbCommand (2ms) [Parameters=[], CommandType='Text', CommandTimeout='30']
SELECT [a].[Id], [a].[DateOfBirth], [a].[FirstName], [a].[Genre], [a].[LastName]
FROM [Authors] AS [a]
2017-11-25 10:24:47.3867|INFO|Microsoft.EntityFrameworkCore.Database.Command|Executed DbCommand (194ms) [Parameters=[@p0='?', @p1='?', @p2='?', @p3='?', @p4='?', @p5='?', @p6='?'], CommandType='Text', CommandTimeout='30']
SET NOCOUNT ON;
DELETE FROM [Authors]
WHERE [Id] = @p0;
SELECT @@ROWCOUNT;

DELETE FROM [Authors]
WHERE [Id] = @p1;
SELECT @@ROWCOUNT;

DELETE FROM [Authors]
WHERE [Id] = @p2;
SELECT @@ROWCOUNT;

DELETE FROM [Authors]
WHERE [Id] = @p3;
SELECT @@ROWCOUNT;

DELETE FROM [Authors]
WHERE [Id] = @p4;
SELECT @@ROWCOUNT;

DELETE FROM [Authors]
WHERE [Id] = @p5;
SELECT @@ROWCOUNT;

DELETE FROM [Authors]
WHERE [Id] = @p6;
SELECT @@ROWCOUNT;
2017-11-25 10:24:47.5290|INFO|Microsoft.EntityFrameworkCore.Database.Command|Executed DbCommand (6ms) [Parameters=[@p0='?', @p1='?', @p2='?' (Size = 50), @p3='?' (Size = 50), @p4='?' (Size = 50), @p5='?', @p6='?', @p7='?' (Size = 50), @p8='?' (Size = 50), @p9='?' (Size = 50), @p10='?', @p11='?', @p12='?' (Size = 50), @p13='?' (Size = 50), @p14='?' (Size = 50), @p15='?', @p16='?', @p17='?' (Size = 50), @p18='?' (Size = 50), @p19='?' (Size = 50), @p20='?', @p21='?', @p22='?' (Size = 50), @p23='?' (Size = 50), @p24='?' (Size = 50), @p25='?', @p26='?', @p27='?' (Size = 50), @p28='?' (Size = 50), @p29='?' (Size = 50), @p30='?', @p31='?', @p32='?' (Size = 50), @p33='?' (Size = 50), @p34='?' (Size = 50)], CommandType='Text', CommandTimeout='30']
SET NOCOUNT ON;
INSERT INTO [Authors] ([Id], [DateOfBirth], [FirstName], [Genre], [LastName])
VALUES (@p0, @p1, @p2, @p3, @p4),
(@p5, @p6, @p7, @p8, @p9),
(@p10, @p11, @p12, @p13, @p14),
(@p15, @p16, @p17, @p18, @p19),
(@p20, @p21, @p22, @p23, @p24),
(@p25, @p26, @p27, @p28, @p29),
(@p30, @p31, @p32, @p33, @p34);
2017-11-25 10:24:47.5631|INFO|Microsoft.EntityFrameworkCore.Database.Command|Executed DbCommand (7ms) [Parameters=[@p35='?', @p36='?', @p37='?' (Size = 500), @p38='?' (Size = 100), @p39='?', @p40='?', @p41='?' (Size = 500), @p42='?' (Size = 100), @p43='?', @p44='?', @p45='?' (Size = 500), @p46='?' (Size = 100), @p47='?', @p48='?', @p49='?' (Size = 500), @p50='?' (Size = 100), @p51='?', @p52='?', @p53='?' (Size = 500), @p54='?' (Size = 100), @p55='?', @p56='?', @p57='?' (Size = 500), @p58='?' (Size = 100), @p59='?', @p60='?', @p61='?' (Size = 500), @p62='?' (Size = 100), @p63='?', @p64='?', @p65='?' (Size = 500), @p66='?' (Size = 100), @p67='?', @p68='?', @p69='?' (Size = 500), @p70='?' (Size = 100), @p71='?', @p72='?', @p73='?' (Size = 500), @p74='?' (Size = 100), @p75='?', @p76='?', @p77='?' (Size = 500), @p78='?' (Size = 100), @p79='?', @p80='?', @p81='?' (Size = 500), @p82='?' (Size = 100)], CommandType='Text', CommandTimeout='30']
SET NOCOUNT ON;
INSERT INTO [Books] ([Id], [AuthorId], [Description], [Title])
VALUES (@p35, @p36, @p37, @p38),
(@p39, @p40, @p41, @p42),
(@p43, @p44, @p45, @p46),
(@p47, @p48, @p49, @p50),
(@p51, @p52, @p53, @p54),
(@p55, @p56, @p57, @p58),
(@p59, @p60, @p61, @p62),
(@p63, @p64, @p65, @p66),
(@p67, @p68, @p69, @p70),
(@p71, @p72, @p73, @p74),
(@p75, @p76, @p77, @p78),
(@p79, @p80, @p81, @p82);
2017-11-25 10:24:49.6465|INFO|Microsoft.AspNetCore.Hosting.Internal.WebHost|Request starting HTTP/1.1 GET http://localhost:61745/  
2017-11-25 10:24:50.6078|INFO|Microsoft.AspNetCore.Hosting.Internal.WebHost|Request finished in 1049.5692ms 404 
2017-11-25 10:24:50.7776|INFO|Microsoft.AspNetCore.Hosting.Internal.WebHost|Request starting HTTP/1.1 GET http://localhost:61745/favicon.ico  
2017-11-25 10:24:50.8050|INFO|Microsoft.AspNetCore.Hosting.Internal.WebHost|Request finished in 17.0506ms 404 
2017-11-25 10:27:37.4976|INFO|Microsoft.AspNetCore.Hosting.Internal.WebHost|Request starting HTTP/1.1 GET http://localhost:61745/api/authors?searchQuery=a  
2017-11-25 10:27:38.6931|INFO|Microsoft.EntityFrameworkCore.Infrastructure|Entity Framework Core 2.0.0-rtm-26452 initialized 'LibraryContext' using provider 'Microsoft.EntityFrameworkCore.SqlServer' with options: None
2017-11-25 10:27:38.7545|INFO|Microsoft.EntityFrameworkCore.Database.Command|Executed DbCommand (3ms) [Parameters=[], CommandType='Text', CommandTimeout='30']
SELECT OBJECT_ID(N'__EFMigrationsHistory');
2017-11-25 10:27:38.8513|INFO|Microsoft.EntityFrameworkCore.Database.Command|Executed DbCommand (1ms) [Parameters=[], CommandType='Text', CommandTimeout='30']
SELECT OBJECT_ID(N'__EFMigrationsHistory');
2017-11-25 10:27:38.8781|INFO|Microsoft.EntityFrameworkCore.Database.Command|Executed DbCommand (1ms) [Parameters=[], CommandType='Text', CommandTimeout='30']
SELECT [MigrationId], [ProductVersion]
FROM [__EFMigrationsHistory]
ORDER BY [MigrationId];
2017-11-25 10:27:38.8955|INFO|Microsoft.EntityFrameworkCore.Migrations|No migrations were applied. The database is already up to date.
2017-11-25 10:27:40.1278|INFO|Microsoft.AspNetCore.Mvc.Internal.ControllerActionInvoker|Executing action method LibraryRESTfulApi.Controllers.AuthorsController.GetAuthors (LibraryRESTfulApi) with arguments (LibraryRESTfulApi.Helpers.AuthorsResourceParameters) - ModelState is Valid
2017-11-25 10:27:40.8103|WARN|Microsoft.EntityFrameworkCore.Query|The LINQ expression 'where (([a].Genre.ToLowerInvariant().Contains(__searchQueryForWhereClause_0) OrElse [a].FirstName.ToLowerInvariant().Contains(__searchQueryForWhereClause_1)) OrElse [a].LastName.ToLowerInvariant().Contains(__searchQueryForWhereClause_2))' could not be translated and will be evaluated locally.
2017-11-25 10:27:40.9532|WARN|Microsoft.EntityFrameworkCore.Query|The LINQ expression 'Count()' could not be translated and will be evaluated locally.
2017-11-25 10:27:41.1735|INFO|Microsoft.EntityFrameworkCore.Database.Command|Executed DbCommand (1ms) [Parameters=[], CommandType='Text', CommandTimeout='30']
SELECT [a].[Genre], [a].[FirstName], [a].[LastName]
FROM [Authors] AS [a]
2017-11-25 10:27:41.4279|WARN|Microsoft.EntityFrameworkCore.Query|The LINQ expression 'where (([a].Genre.ToLowerInvariant().Contains(__searchQueryForWhereClause_0) OrElse [a].FirstName.ToLowerInvariant().Contains(__searchQueryForWhereClause_1)) OrElse [a].LastName.ToLowerInvariant().Contains(__searchQueryForWhereClause_2))' could not be translated and will be evaluated locally.
2017-11-25 10:27:41.4535|WARN|Microsoft.EntityFrameworkCore.Query|The LINQ expression 'Skip(__p_3)' could not be translated and will be evaluated locally.
2017-11-25 10:27:41.4831|WARN|Microsoft.EntityFrameworkCore.Query|The LINQ expression 'Take(__p_4)' could not be translated and will be evaluated locally.
2017-11-25 10:27:41.8108|INFO|Microsoft.EntityFrameworkCore.Database.Command|Executed DbCommand (147ms) [Parameters=[], CommandType='Text', CommandTimeout='30']
SELECT [a].[Id], [a].[DateOfBirth], [a].[FirstName], [a].[Genre], [a].[LastName]
FROM [Authors] AS [a]
ORDER BY [a].[FirstName], [a].[LastName]
2017-11-25 10:27:42.3337|INFO|Microsoft.AspNetCore.Mvc.Internal.ObjectResultExecutor|Executing ObjectResult, writing value Microsoft.AspNetCore.Mvc.ControllerContext.
2017-11-25 10:27:42.4847|INFO|Microsoft.AspNetCore.Mvc.Internal.ControllerActionInvoker|Executed action LibraryRESTfulApi.Controllers.AuthorsController.GetAuthors (LibraryRESTfulApi) in 3894.0872ms
2017-11-25 10:27:42.5388|INFO|Microsoft.AspNetCore.Hosting.Internal.WebHost|Request finished in 5041.7988ms 200 application/json; charset=utf-8
2017-11-25 10:27:56.4661|INFO|Microsoft.AspNetCore.Hosting.Internal.WebHost|Request starting HTTP/1.1 GET http://localhost:61745/api/authors?searchQuery=ad  
2017-11-25 10:27:56.6138|INFO|Microsoft.EntityFrameworkCore.Infrastructure|Entity Framework Core 2.0.0-rtm-26452 initialized 'LibraryContext' using provider 'Microsoft.EntityFrameworkCore.SqlServer' with options: None
2017-11-25 10:27:56.6543|INFO|Microsoft.EntityFrameworkCore.Database.Command|Executed DbCommand (2ms) [Parameters=[], CommandType='Text', CommandTimeout='30']
SELECT OBJECT_ID(N'__EFMigrationsHistory');
2017-11-25 10:27:56.7306|INFO|Microsoft.EntityFrameworkCore.Database.Command|Executed DbCommand (2ms) [Parameters=[], CommandType='Text', CommandTimeout='30']
SELECT OBJECT_ID(N'__EFMigrationsHistory');
2017-11-25 10:27:56.7870|INFO|Microsoft.EntityFrameworkCore.Database.Command|Executed DbCommand (2ms) [Parameters=[], CommandType='Text', CommandTimeout='30']
SELECT [MigrationId], [ProductVersion]
FROM [__EFMigrationsHistory]
ORDER BY [MigrationId];
2017-11-25 10:27:56.8549|INFO|Microsoft.EntityFrameworkCore.Migrations|No migrations were applied. The database is already up to date.
2017-11-25 10:27:56.9145|INFO|Microsoft.AspNetCore.Mvc.Internal.ControllerActionInvoker|Executing action method LibraryRESTfulApi.Controllers.AuthorsController.GetAuthors (LibraryRESTfulApi) with arguments (LibraryRESTfulApi.Helpers.AuthorsResourceParameters) - ModelState is Valid
2017-11-25 10:27:56.9611|INFO|Microsoft.EntityFrameworkCore.Database.Command|Executed DbCommand (7ms) [Parameters=[], CommandType='Text', CommandTimeout='30']
SELECT [a].[Genre], [a].[FirstName], [a].[LastName]
FROM [Authors] AS [a]
2017-11-25 10:27:57.0051|INFO|Microsoft.EntityFrameworkCore.Database.Command|Executed DbCommand (2ms) [Parameters=[], CommandType='Text', CommandTimeout='30']
SELECT [a].[Id], [a].[DateOfBirth], [a].[FirstName], [a].[Genre], [a].[LastName]
FROM [Authors] AS [a]
ORDER BY [a].[FirstName], [a].[LastName]
2017-11-25 10:27:57.0533|INFO|Microsoft.AspNetCore.Mvc.Internal.ObjectResultExecutor|Executing ObjectResult, writing value Microsoft.AspNetCore.Mvc.ControllerContext.
2017-11-25 10:27:57.1006|INFO|Microsoft.AspNetCore.Mvc.Internal.ControllerActionInvoker|Executed action LibraryRESTfulApi.Controllers.AuthorsController.GetAuthors (LibraryRESTfulApi) in 582.9259ms
2017-11-25 10:27:57.5169|INFO|Microsoft.AspNetCore.Hosting.Internal.WebHost|Request finished in 662.2677ms 200 application/json; charset=utf-8
2017-11-25 10:28:08.4366|INFO|Microsoft.AspNetCore.Hosting.Internal.WebHost|Request starting HTTP/1.1 GET http://localhost:61745/api/authors?searchQuery=a&genre=Fantasy  
2017-11-25 10:28:08.5170|INFO|Microsoft.EntityFrameworkCore.Infrastructure|Entity Framework Core 2.0.0-rtm-26452 initialized 'LibraryContext' using provider 'Microsoft.EntityFrameworkCore.SqlServer' with options: None
2017-11-25 10:28:08.5448|INFO|Microsoft.EntityFrameworkCore.Database.Command|Executed DbCommand (2ms) [Parameters=[], CommandType='Text', CommandTimeout='30']
SELECT OBJECT_ID(N'__EFMigrationsHistory');
2017-11-25 10:28:08.6153|INFO|Microsoft.EntityFrameworkCore.Database.Command|Executed DbCommand (1ms) [Parameters=[], CommandType='Text', CommandTimeout='30']
SELECT OBJECT_ID(N'__EFMigrationsHistory');
2017-11-25 10:28:08.6670|INFO|Microsoft.EntityFrameworkCore.Database.Command|Executed DbCommand (15ms) [Parameters=[], CommandType='Text', CommandTimeout='30']
SELECT [MigrationId], [ProductVersion]
FROM [__EFMigrationsHistory]
ORDER BY [MigrationId];
2017-11-25 10:28:08.7339|INFO|Microsoft.EntityFrameworkCore.Migrations|No migrations were applied. The database is already up to date.
2017-11-25 10:28:08.7663|INFO|Microsoft.AspNetCore.Mvc.Internal.ControllerActionInvoker|Executing action method LibraryRESTfulApi.Controllers.AuthorsController.GetAuthors (LibraryRESTfulApi) with arguments (LibraryRESTfulApi.Helpers.AuthorsResourceParameters) - ModelState is Valid
2017-11-25 10:28:08.8024|WARN|Microsoft.EntityFrameworkCore.Query|The LINQ expression 'where ([a].Genre.ToLowerInvariant() == __genreForWhereClause_0)' could not be translated and will be evaluated locally.
2017-11-25 10:28:08.8241|WARN|Microsoft.EntityFrameworkCore.Query|The LINQ expression 'where (([a].Genre.ToLowerInvariant().Contains(__searchQueryForWhereClause_1) OrElse [a].FirstName.ToLowerInvariant().Contains(__searchQueryForWhereClause_2)) OrElse [a].LastName.ToLowerInvariant().Contains(__searchQueryForWhereClause_3))' could not be translated and will be evaluated locally.
2017-11-25 10:28:08.8458|WARN|Microsoft.EntityFrameworkCore.Query|The LINQ expression 'Count()' could not be translated and will be evaluated locally.
2017-11-25 10:28:08.8900|INFO|Microsoft.EntityFrameworkCore.Database.Command|Executed DbCommand (1ms) [Parameters=[], CommandType='Text', CommandTimeout='30']
SELECT [a].[Genre], [a].[FirstName], [a].[LastName]
FROM [Authors] AS [a]
2017-11-25 10:28:08.9674|WARN|Microsoft.EntityFrameworkCore.Query|The LINQ expression 'where ([a].Genre.ToLowerInvariant() == __genreForWhereClause_0)' could not be translated and will be evaluated locally.
2017-11-25 10:28:09.0013|WARN|Microsoft.EntityFrameworkCore.Query|The LINQ expression 'where (([a].Genre.ToLowerInvariant().Contains(__searchQueryForWhereClause_1) OrElse [a].FirstName.ToLowerInvariant().Contains(__searchQueryForWhereClause_2)) OrElse [a].LastName.ToLowerInvariant().Contains(__searchQueryForWhereClause_3))' could not be translated and will be evaluated locally.
2017-11-25 10:28:09.0346|WARN|Microsoft.EntityFrameworkCore.Query|The LINQ expression 'Skip(__p_4)' could not be translated and will be evaluated locally.
2017-11-25 10:28:09.0587|WARN|Microsoft.EntityFrameworkCore.Query|The LINQ expression 'Take(__p_5)' could not be translated and will be evaluated locally.
2017-11-25 10:28:09.1003|INFO|Microsoft.EntityFrameworkCore.Database.Command|Executed DbCommand (7ms) [Parameters=[], CommandType='Text', CommandTimeout='30']
SELECT [a].[Id], [a].[DateOfBirth], [a].[FirstName], [a].[Genre], [a].[LastName]
FROM [Authors] AS [a]
ORDER BY [a].[FirstName], [a].[LastName]
2017-11-25 10:28:09.1458|INFO|Microsoft.AspNetCore.Mvc.Internal.ObjectResultExecutor|Executing ObjectResult, writing value Microsoft.AspNetCore.Mvc.ControllerContext.
2017-11-25 10:28:09.1701|INFO|Microsoft.AspNetCore.Mvc.Internal.ControllerActionInvoker|Executed action LibraryRESTfulApi.Controllers.AuthorsController.GetAuthors (LibraryRESTfulApi) in 708.9056ms
2017-11-25 10:28:09.2172|INFO|Microsoft.AspNetCore.Hosting.Internal.WebHost|Request finished in 772.7573ms 200 application/json; charset=utf-8
2017-11-25 10:28:28.1414|INFO|Microsoft.AspNetCore.Hosting.Internal.WebHost|Request starting HTTP/1.1 GET http://localhost:61745/api/authors?searchQuery=a&genre=Fantasy&pageNumber=2&pageSize=2  
2017-11-25 10:28:28.1903|INFO|Microsoft.EntityFrameworkCore.Infrastructure|Entity Framework Core 2.0.0-rtm-26452 initialized 'LibraryContext' using provider 'Microsoft.EntityFrameworkCore.SqlServer' with options: None
2017-11-25 10:28:28.2336|INFO|Microsoft.EntityFrameworkCore.Database.Command|Executed DbCommand (3ms) [Parameters=[], CommandType='Text', CommandTimeout='30']
SELECT OBJECT_ID(N'__EFMigrationsHistory');
2017-11-25 10:28:28.3558|INFO|Microsoft.EntityFrameworkCore.Database.Command|Executed DbCommand (0ms) [Parameters=[], CommandType='Text', CommandTimeout='30']
SELECT OBJECT_ID(N'__EFMigrationsHistory');
2017-11-25 10:28:28.3796|INFO|Microsoft.EntityFrameworkCore.Database.Command|Executed DbCommand (2ms) [Parameters=[], CommandType='Text', CommandTimeout='30']
SELECT [MigrationId], [ProductVersion]
FROM [__EFMigrationsHistory]
ORDER BY [MigrationId];
2017-11-25 10:28:28.4066|INFO|Microsoft.EntityFrameworkCore.Migrations|No migrations were applied. The database is already up to date.
2017-11-25 10:28:28.4427|INFO|Microsoft.AspNetCore.Mvc.Internal.ControllerActionInvoker|Executing action method LibraryRESTfulApi.Controllers.AuthorsController.GetAuthors (LibraryRESTfulApi) with arguments (LibraryRESTfulApi.Helpers.AuthorsResourceParameters) - ModelState is Valid
2017-11-25 10:28:28.4767|INFO|Microsoft.EntityFrameworkCore.Database.Command|Executed DbCommand (2ms) [Parameters=[], CommandType='Text', CommandTimeout='30']
SELECT [a].[Genre], [a].[FirstName], [a].[LastName]
FROM [Authors] AS [a]
2017-11-25 10:28:28.5966|INFO|Microsoft.EntityFrameworkCore.Database.Command|Executed DbCommand (1ms) [Parameters=[], CommandType='Text', CommandTimeout='30']
SELECT [a].[Id], [a].[DateOfBirth], [a].[FirstName], [a].[Genre], [a].[LastName]
FROM [Authors] AS [a]
ORDER BY [a].[FirstName], [a].[LastName]
2017-11-25 10:28:28.6941|INFO|Microsoft.AspNetCore.Mvc.Internal.ObjectResultExecutor|Executing ObjectResult, writing value Microsoft.AspNetCore.Mvc.ControllerContext.
2017-11-25 10:28:28.7328|INFO|Microsoft.AspNetCore.Mvc.Internal.ControllerActionInvoker|Executed action LibraryRESTfulApi.Controllers.AuthorsController.GetAuthors (LibraryRESTfulApi) in 542.9197ms
2017-11-25 10:28:29.0271|INFO|Microsoft.AspNetCore.Hosting.Internal.WebHost|Request finished in 620.3086ms 200 application/json; charset=utf-8
