2017-11-23 18:48:28.2317|INFO|Microsoft.EntityFrameworkCore.Database.Command|Executed DbCommand (22ms) [Parameters=[], CommandType='Text', CommandTimeout='30']
SELECT [a].[Id], [a].[DateOfBirth], [a].[FirstName], [a].[Genre], [a].[LastName]
FROM [Authors] AS [a]
2017-11-23 18:48:30.3042|INFO|Microsoft.EntityFrameworkCore.Database.Command|Executed DbCommand (731ms) [Parameters=[@p0='?', @p1='?', @p2='?', @p3='?', @p4='?', @p5='?', @p6='?'], CommandType='Text', CommandTimeout='30']
SET NOCOUNT ON;
DELETE FROM [Authors]
WHERE [Id] = @p0;
SELECT @@ROWCOUNT;

DELETE FROM [Authors]
WHERE [Id] = @p1;
SELECT @@ROWCOUNT;

DELETE FROM [Authors]
WHERE [Id] = @p2;
SELECT @@ROWCOUNT;

DELETE FROM [Authors]
WHERE [Id] = @p3;
SELECT @@ROWCOUNT;

DELETE FROM [Authors]
WHERE [Id] = @p4;
SELECT @@ROWCOUNT;

DELETE FROM [Authors]
WHERE [Id] = @p5;
SELECT @@ROWCOUNT;

DELETE FROM [Authors]
WHERE [Id] = @p6;
SELECT @@ROWCOUNT;
2017-11-23 18:48:30.5500|INFO|Microsoft.EntityFrameworkCore.Database.Command|Executed DbCommand (68ms) [Parameters=[@p0='?', @p1='?', @p2='?' (Size = 50), @p3='?' (Size = 50), @p4='?' (Size = 50), @p5='?', @p6='?', @p7='?' (Size = 50), @p8='?' (Size = 50), @p9='?' (Size = 50), @p10='?', @p11='?', @p12='?' (Size = 50), @p13='?' (Size = 50), @p14='?' (Size = 50), @p15='?', @p16='?', @p17='?' (Size = 50), @p18='?' (Size = 50), @p19='?' (Size = 50), @p20='?', @p21='?', @p22='?' (Size = 50), @p23='?' (Size = 50), @p24='?' (Size = 50), @p25='?', @p26='?', @p27='?' (Size = 50), @p28='?' (Size = 50), @p29='?' (Size = 50), @p30='?', @p31='?', @p32='?' (Size = 50), @p33='?' (Size = 50), @p34='?' (Size = 50)], CommandType='Text', CommandTimeout='30']
SET NOCOUNT ON;
INSERT INTO [Authors] ([Id], [DateOfBirth], [FirstName], [Genre], [LastName])
VALUES (@p0, @p1, @p2, @p3, @p4),
(@p5, @p6, @p7, @p8, @p9),
(@p10, @p11, @p12, @p13, @p14),
(@p15, @p16, @p17, @p18, @p19),
(@p20, @p21, @p22, @p23, @p24),
(@p25, @p26, @p27, @p28, @p29),
(@p30, @p31, @p32, @p33, @p34);
2017-11-23 18:48:30.5728|INFO|Microsoft.EntityFrameworkCore.Database.Command|Executed DbCommand (6ms) [Parameters=[@p35='?', @p36='?', @p37='?' (Size = 500), @p38='?' (Size = 100), @p39='?', @p40='?', @p41='?' (Size = 500), @p42='?' (Size = 100), @p43='?', @p44='?', @p45='?' (Size = 500), @p46='?' (Size = 100), @p47='?', @p48='?', @p49='?' (Size = 500), @p50='?' (Size = 100), @p51='?', @p52='?', @p53='?' (Size = 500), @p54='?' (Size = 100), @p55='?', @p56='?', @p57='?' (Size = 500), @p58='?' (Size = 100), @p59='?', @p60='?', @p61='?' (Size = 500), @p62='?' (Size = 100), @p63='?', @p64='?', @p65='?' (Size = 500), @p66='?' (Size = 100), @p67='?', @p68='?', @p69='?' (Size = 500), @p70='?' (Size = 100), @p71='?', @p72='?', @p73='?' (Size = 500), @p74='?' (Size = 100), @p75='?', @p76='?', @p77='?' (Size = 500), @p78='?' (Size = 100), @p79='?', @p80='?', @p81='?' (Size = 500), @p82='?' (Size = 100)], CommandType='Text', CommandTimeout='30']
SET NOCOUNT ON;
INSERT INTO [Books] ([Id], [AuthorId], [Description], [Title])
VALUES (@p35, @p36, @p37, @p38),
(@p39, @p40, @p41, @p42),
(@p43, @p44, @p45, @p46),
(@p47, @p48, @p49, @p50),
(@p51, @p52, @p53, @p54),
(@p55, @p56, @p57, @p58),
(@p59, @p60, @p61, @p62),
(@p63, @p64, @p65, @p66),
(@p67, @p68, @p69, @p70),
(@p71, @p72, @p73, @p74),
(@p75, @p76, @p77, @p78),
(@p79, @p80, @p81, @p82);
2017-11-23 18:48:41.3999|INFO|Microsoft.AspNetCore.Hosting.Internal.WebHost|Request starting HTTP/1.1 GET http://localhost:61745/  
2017-11-23 18:48:45.2653|INFO|Microsoft.AspNetCore.Hosting.Internal.WebHost|Request finished in 4961.9906ms 404 
2017-11-23 18:48:45.5372|INFO|Microsoft.AspNetCore.Hosting.Internal.WebHost|Request starting HTTP/1.1 GET http://localhost:61745/favicon.ico  
2017-11-23 18:48:45.5617|INFO|Microsoft.AspNetCore.Hosting.Internal.WebHost|Request finished in 13.2646ms 404 
2017-11-23 18:49:12.7648|INFO|Microsoft.AspNetCore.Hosting.Internal.WebHost|Request starting HTTP/1.1 GET http://localhost:61745/api/authors?pageNumber=1&pageSize=5  
2017-11-23 18:49:13.3234|INFO|Microsoft.EntityFrameworkCore.Infrastructure|Entity Framework Core 2.0.0-rtm-26452 initialized 'LibraryContext' using provider 'Microsoft.EntityFrameworkCore.SqlServer' with options: None
2017-11-23 18:49:13.3586|INFO|Microsoft.EntityFrameworkCore.Database.Command|Executed DbCommand (2ms) [Parameters=[], CommandType='Text', CommandTimeout='30']
SELECT OBJECT_ID(N'__EFMigrationsHistory');
2017-11-23 18:49:13.3796|INFO|Microsoft.EntityFrameworkCore.Database.Command|Executed DbCommand (1ms) [Parameters=[], CommandType='Text', CommandTimeout='30']
SELECT OBJECT_ID(N'__EFMigrationsHistory');
2017-11-23 18:49:13.3988|INFO|Microsoft.EntityFrameworkCore.Database.Command|Executed DbCommand (1ms) [Parameters=[], CommandType='Text', CommandTimeout='30']
SELECT [MigrationId], [ProductVersion]
FROM [__EFMigrationsHistory]
ORDER BY [MigrationId];
2017-11-23 18:49:13.4124|INFO|Microsoft.EntityFrameworkCore.Migrations|No migrations were applied. The database is already up to date.
2017-11-23 18:49:13.6369|INFO|Microsoft.AspNetCore.Mvc.Internal.ControllerActionInvoker|Executing action method LibraryRESTfulApi.Controllers.AuthorsController.GetAuthors (LibraryRESTfulApi) with arguments (LibraryRESTfulApi.Helpers.AuthorsResourceParameters) - ModelState is Valid
2017-11-23 18:49:14.1723|INFO|Microsoft.EntityFrameworkCore.Database.Command|Executed DbCommand (69ms) [Parameters=[], CommandType='Text', CommandTimeout='30']
SELECT COUNT(*)
FROM [Authors] AS [a]
2017-11-23 18:49:14.3407|INFO|Microsoft.EntityFrameworkCore.Database.Command|Executed DbCommand (78ms) [Parameters=[@__p_0='?', @__p_1='?'], CommandType='Text', CommandTimeout='30']
SELECT [a].[Id], [a].[DateOfBirth], [a].[FirstName], [a].[Genre], [a].[LastName]
FROM [Authors] AS [a]
ORDER BY [a].[FirstName], [a].[LastName]
OFFSET @__p_0 ROWS FETCH NEXT @__p_1 ROWS ONLY
2017-11-23 18:49:14.8493|INFO|Microsoft.AspNetCore.Mvc.Internal.ObjectResultExecutor|Executing ObjectResult, writing value Microsoft.AspNetCore.Mvc.ControllerContext.
2017-11-23 18:49:14.9838|INFO|Microsoft.AspNetCore.Mvc.Internal.ControllerActionInvoker|Executed action LibraryRESTfulApi.Controllers.AuthorsController.GetAuthors (LibraryRESTfulApi) in 1785.5385ms
2017-11-23 18:49:15.0339|INFO|Microsoft.AspNetCore.Hosting.Internal.WebHost|Request finished in 2323.1995ms 200 application/json; charset=utf-8
